<?xml version="1.0" encoding="UTF-8"?>
<!-- Generated by org.testng.reporters.JUnitXMLReporter -->
<testsuite hostname="DESKTOP-629ICS7" name="Command line test" tests="7" failures="0" timestamp="19 Sep 2022 06:02:59 GMT" time="12.002" errors="0">
  <testcase name="@BeforeMethod SetUp" time="0.0" classname="com.orient.qa.testcases.HomePageTest">
    <failure type="java.lang.NullPointerException">
      <![CDATA[java.lang.NullPointerException
	at com.orient.qa.base.TestBase.initilization(TestBase.java:72)
	at com.orient.qa.testcases.HomePageTest.SetUp(HomePageTest.java:27)
	at org.apache.maven.surefire.testng.TestNGExecutor.run(TestNGExecutor.java:77)
	at org.apache.maven.surefire.testng.TestNGDirectoryTestSuite.executeMulti(TestNGDirectoryTestSuite.java:159)
	at org.apache.maven.surefire.testng.TestNGDirectoryTestSuite.execute(TestNGDirectoryTestSuite.java:99)
	at org.apache.maven.surefire.testng.TestNGProvider.invoke(TestNGProvider.java:106)
	at org.apache.maven.surefire.util.ReflectionUtils.invokeMethodWithArray(ReflectionUtils.java:189)
	at org.apache.maven.surefire.booter.ProviderFactory$ProviderProxy.invoke(ProviderFactory.java:165)
	at org.apache.maven.surefire.booter.ProviderFactory.invokeProvider(ProviderFactory.java:85)
	at org.apache.maven.surefire.booter.ForkedBooter.runSuitesInProcess(ForkedBooter.java:115)
	at org.apache.maven.surefire.booter.ForkedBooter.main(ForkedBooter.java:75)
... Removed 27 stack frames]]>
    </failure>
  </testcase> <!-- @BeforeMethod SetUp -->
  <testcase name="@BeforeMethod SetUp" time="0.0" classname="com.orient.qa.testcases.HomePageTest">
    <skipped/>
  </testcase> <!-- @BeforeMethod SetUp -->
  <testcase name="@BeforeMethod SetUp" time="0.0" classname="com.orient.qa.testcases.HomePageTest">
    <skipped/>
  </testcase> <!-- @BeforeMethod SetUp -->
  <testcase name="@BeforeMethod SetUp" time="0.0" classname="com.orient.qa.testcases.LoginPageTest">
    <failure type="java.lang.NullPointerException">
      <![CDATA[java.lang.NullPointerException
	at com.orient.qa.base.TestBase.initilization(TestBase.java:72)
	at com.orient.qa.testcases.LoginPageTest.SetUp(LoginPageTest.java:47)
	at org.apache.maven.surefire.testng.TestNGExecutor.run(TestNGExecutor.java:77)
	at org.apache.maven.surefire.testng.TestNGDirectoryTestSuite.executeMulti(TestNGDirectoryTestSuite.java:159)
	at org.apache.maven.surefire.testng.TestNGDirectoryTestSuite.execute(TestNGDirectoryTestSuite.java:99)
	at org.apache.maven.surefire.testng.TestNGProvider.invoke(TestNGProvider.java:106)
	at org.apache.maven.surefire.util.ReflectionUtils.invokeMethodWithArray(ReflectionUtils.java:189)
	at org.apache.maven.surefire.booter.ProviderFactory$ProviderProxy.invoke(ProviderFactory.java:165)
	at org.apache.maven.surefire.booter.ProviderFactory.invokeProvider(ProviderFactory.java:85)
	at org.apache.maven.surefire.booter.ForkedBooter.runSuitesInProcess(ForkedBooter.java:115)
	at org.apache.maven.surefire.booter.ForkedBooter.main(ForkedBooter.java:75)
... Removed 27 stack frames]]>
    </failure>
  </testcase> <!-- @BeforeMethod SetUp -->
  <testcase name="@BeforeMethod SetUp" time="0.0" classname="com.orient.qa.testcases.HomePageTest">
    <skipped/>
  </testcase> <!-- @BeforeMethod SetUp -->
  <testcase name="@BeforeMethod SetUp" time="0.0" classname="com.orient.qa.testcases.LoginPageTest">
    <skipped/>
  </testcase> <!-- @BeforeMethod SetUp -->
  <testcase name="@BeforeMethod SetUp" time="0.0" classname="com.orient.qa.testcases.HomePageTest">
    <skipped/>
  </testcase> <!-- @BeforeMethod SetUp -->
  <testcase name="ValidateTextIfNoDataWithinGenteredDate" time="0.002" classname="com.orient.qa.testcases.HomePageTest">
    <skipped/>
  </testcase> <!-- ValidateTextIfNoDataWithinGenteredDate -->
  <testcase name="Searchfunshouldworkfinewithnodata" time="0.001" classname="com.orient.qa.testcases.HomePageTest">
    <skipped/>
  </testcase> <!-- Searchfunshouldworkfinewithnodata -->
  <testcase name="VerifyHomePageTitle" time="0.0" classname="com.orient.qa.testcases.HomePageTest">
    <skipped/>
  </testcase> <!-- VerifyHomePageTitle -->
  <testcase name="Searchfunshouldworkfinewithnodata1" time="0.0" classname="com.orient.qa.testcases.LoginPageTest">
    <skipped/>
  </testcase> <!-- Searchfunshouldworkfinewithnodata1 -->
  <testcase name="Searchfunshouldworkfinewithproperdata" time="0.0" classname="com.orient.qa.testcases.HomePageTest">
    <skipped/>
  </testcase> <!-- Searchfunshouldworkfinewithproperdata -->
  <testcase name="Searchfunshouldworkfinewithproperdata" time="0.0" classname="com.orient.qa.testcases.LoginPageTest">
    <skipped/>
  </testcase> <!-- Searchfunshouldworkfinewithproperdata -->
  <testcase name="Verifyuserabletoclickonviewbutton" time="0.0" classname="com.orient.qa.testcases.HomePageTest">
    <skipped/>
  </testcase> <!-- Verifyuserabletoclickonviewbutton -->
</testsuite> <!-- Command line test -->
